#
# There is insufficient memory for the Java Runtime Environment to continue.
# Native memory allocation (mmap) failed to map 266338304 bytes. Error detail: G1 virtual space
# Possible reasons:
#   The system is out of physical RAM or swap space
#   This process is running with CompressedOops enabled, and the Java Heap may be blocking the growth of the native heap
# Possible solutions:
#   Reduce memory load on the system
#   Increase physical memory or swap space
#   Check if swap backing store is full
#   Decrease Java heap size (-Xmx/-Xms)
#   Decrease number of Java threads
#   Decrease Java thread stack sizes (-Xss)
#   Set larger code cache with -XX:ReservedCodeCacheSize=
#   JVM is running with Unscaled Compressed Oops mode in which the Java heap is
#     placed in the first 4GB address space. The Java Heap base address is the
#     maximum limit for the native heap growth. Please use -XX:HeapBaseMinAddress
#     to set the Java Heap base and to place the Java Heap above 4GB virtual address.
# This output file may be truncated or incomplete.
#
#  Out of Memory Error (os_windows.cpp:3898), pid=15920, tid=17912
#
# JRE version:  (21.0.6+8) (build )
# Java VM: OpenJDK 64-Bit Server VM (21.0.6+8-b631.39, mixed mode, sharing, tiered, compressed oops, compressed class ptrs, g1 gc, windows-amd64)
# No core dump will be written. Minidumps are not enabled by default on client versions of Windows
#

---------------  S U M M A R Y ------------

Command Line: -Xmx512m D:\DevEco Studio\tools\hvigor\hvigor\lib\hvigor-java-daemon.jar 45050 00000050b858f2711bcc6efe9cbfb54ce87e13e65e504a6fe6c1b233f2cf47537e41ac7bae8a5a1084b9ff0c905785c02054b25a1f8b666e6a55ad248eac076c3ba766d2b92f7151065ce797036cea92a7fd217f83d2aa0d050bf178bb44b4f8

Host: 11th Gen Intel(R) Core(TM) i5-1155G7 @ 2.50GHz, 8 cores, 15G,  Windows 11 , 64 bit Build 26100 (10.0.26100.6725)
Time: Wed Oct 22 14:17:38 2025  Windows 11 , 64 bit Build 26100 (10.0.26100.6725) elapsed time: 2.047760 seconds (0d 0h 0m 2s)

---------------  T H R E A D  ---------------

Current thread (0x0000022d91211020):  JavaThread "Unknown thread" [_thread_in_vm, id=17912, stack(0x000000d48a400000,0x000000d48a500000) (1024K)]

Stack: [0x000000d48a400000,0x000000d48a500000]
Native frames: (J=compiled Java code, j=interpreted, Vv=VM code, C=native code)
V  [jvm.dll+0x6e5d39]
V  [jvm.dll+0x8c4133]
V  [jvm.dll+0x8c668e]
V  [jvm.dll+0x8c6d73]
V  [jvm.dll+0x288f76]
V  [jvm.dll+0x6e25f5]
V  [jvm.dll+0x6d60aa]
V  [jvm.dll+0x3635bb]
V  [jvm.dll+0x36b186]
V  [jvm.dll+0x3bd4b6]
V  [jvm.dll+0x3bd788]
V  [jvm.dll+0x335d2c]
V  [jvm.dll+0x336a1b]
V  [jvm.dll+0x88b589]
V  [jvm.dll+0x3ca688]
V  [jvm.dll+0x874698]
V  [jvm.dll+0x45f04e]
V  [jvm.dll+0x460d31]
C  [jli.dll+0x52ab]
C  [ucrtbase.dll+0x37b0]
C  [KERNEL32.DLL+0x2e8d7]
C  [ntdll.dll+0x8c53c]


---------------  P R O C E S S  ---------------

Threads class SMR info:
_java_thread_list=0x00007ff8e185a148, length=0, elements={
}

Java Threads: ( => current thread )
Total: 0

Other Threads:
  0x0000022d93585640 WorkerThread "GC Thread#0"                     [id=22644, stack(0x000000d48a500000,0x000000d48a600000) (1024K)]
  0x0000022d9358a620 ConcurrentGCThread "G1 Main Marker"            [id=20324, stack(0x000000d48a600000,0x000000d48a700000) (1024K)]
  0x0000022d9358bfa0 WorkerThread "G1 Conc#0"                       [id=14112, stack(0x000000d48a700000,0x000000d48a800000) (1024K)]

[error occurred during error reporting (printing all threads), id 0xc0000005, EXCEPTION_ACCESS_VIOLATION (0xc0000005) at pc=0x00007ff8e0f48de7]
VM state: not at safepoint (not fully initialized)

VM Mutex/Monitor currently owned by a thread:  ([mutex/lock_event])
[0x00007ff8e18ceb30] Heap_lock - owner thread: 0x0000022d91211020

Heap address: 0x00000000e0000000, size: 512 MB, Compressed Oops mode: 32-bit

CDS archive(s) mapped at: [0x0000000000000000-0x0000000000000000-0x0000000000000000), size 0, SharedBaseAddress: 0x0000000800000000, ArchiveRelocationMode: 1.
Narrow klass base: 0x0000000000000000, Narrow klass shift: 0, Narrow klass range: 0x0

GC Precious Log:
 CardTable entry size: 512
 Card Set container configuration: InlinePtr #cards 5 size 8 Array Of Cards #cards 12 size 40 Howl #buckets 4 coarsen threshold 1843 Howl Bitmap #cards 512 size 80 coarsen threshold 460 Card regions per heap region 1 cards per card region 2048

Heap:
 garbage-first heap   total 0K, used 0K [0x00000000e0000000, 0x0000000100000000)
  region size 1024K, 0 young (0K), 0 survivors (0K)
 Metaspace       used 0K, committed 0K, reserved 0K
  class space    used 0K, committed 0K, reserved 0K

Heap Regions: E=young(eden), S=young(survivor), O=old, HS=humongous(starts), HC=humongous(continues), CS=collection set, F=free, TAMS=top-at-mark-start, PB=parsable bottom

Card table byte_map: [0x0000022da6930000,0x0000022da6a30000] _byte_map_base: 0x0000022da6230000

Marking Bits: (CMBitMap*) 0x0000022d93585d40
 Bits: [0x0000022da6a30000, 0x0000022da7230000)

GC Heap History (0 events):
No events

Dll operation events (1 events):
Event: 0.026 Loaded shared library D:\DevEco Studio\jbr\bin\java.dll

Deoptimization events (0 events):
No events

Classes loaded (0 events):
No events

Classes unloaded (0 events):
No events

Classes redefined (0 events):
No events

Internal exceptions (0 events):
No events

ZGC Phase Switch (0 events):
No events

VM Operations (0 events):
No events

Memory protections (0 events):
No events

Nmethod flushes (0 events):
No events

Events (0 events):
No events


Dynamic libraries:
0x00007ff7f8f30000 - 0x00007ff7f8f3a000 	D:\DevEco Studio\jbr\bin\java.exe
0x00007ff989fa0000 - 0x00007ff98a208000 	C:\WINDOWS\SYSTEM32\ntdll.dll
0x00007ff988530000 - 0x00007ff9885f9000 	C:\WINDOWS\System32\KERNEL32.DLL
0x00007ff987130000 - 0x00007ff987522000 	C:\WINDOWS\System32\KERNELBASE.dll
0x00007ff9877f0000 - 0x00007ff98793b000 	C:\WINDOWS\System32\ucrtbase.dll
0x00007ff9725d0000 - 0x00007ff9725e8000 	D:\DevEco Studio\jbr\bin\jli.dll
0x00007ff988c20000 - 0x00007ff988de5000 	C:\WINDOWS\System32\USER32.dll
0x00007ff987940000 - 0x00007ff987967000 	C:\WINDOWS\System32\win32u.dll
0x00007ff988000000 - 0x00007ff98802b000 	C:\WINDOWS\System32\GDI32.dll
0x00007ff987ac0000 - 0x00007ff987bed000 	C:\WINDOWS\System32\gdi32full.dll
0x00007ff987a10000 - 0x00007ff987ab3000 	C:\WINDOWS\System32\msvcp_win.dll
0x00007ff976a00000 - 0x00007ff976a1b000 	D:\DevEco Studio\jbr\bin\VCRUNTIME140.dll
0x00007ff96da00000 - 0x00007ff96dc93000 	C:\WINDOWS\WinSxS\amd64_microsoft.windows.common-controls_6595b64144ccf1df_6.0.26100.6899_none_3e0efeeae32e88c1\COMCTL32.dll
0x00007ff987f50000 - 0x00007ff987ff9000 	C:\WINDOWS\System32\msvcrt.dll
0x00007ff988a40000 - 0x00007ff988a6f000 	C:\WINDOWS\System32\IMM32.DLL
0x00007ff982e90000 - 0x00007ff982e9c000 	D:\DevEco Studio\jbr\bin\vcruntime140_1.dll
0x00007ff93fbe0000 - 0x00007ff93fc6d000 	D:\DevEco Studio\jbr\bin\msvcp140.dll
0x00007ff8e0c00000 - 0x00007ff8e19c1000 	D:\DevEco Studio\jbr\bin\server\jvm.dll
0x00007ff988300000 - 0x00007ff9883b4000 	C:\WINDOWS\System32\ADVAPI32.dll
0x00007ff988ab0000 - 0x00007ff988b56000 	C:\WINDOWS\System32\sechost.dll
0x00007ff988100000 - 0x00007ff988218000 	C:\WINDOWS\System32\RPCRT4.dll
0x00007ff988600000 - 0x00007ff988674000 	C:\WINDOWS\System32\WS2_32.dll
0x00007ff97d170000 - 0x00007ff97d17b000 	C:\WINDOWS\SYSTEM32\VERSION.dll
0x00007ff986f90000 - 0x00007ff986fee000 	C:\WINDOWS\SYSTEM32\POWRPROF.dll
0x00007ff96ac70000 - 0x00007ff96aca5000 	C:\WINDOWS\SYSTEM32\WINMM.dll
0x00007ff986f70000 - 0x00007ff986f84000 	C:\WINDOWS\SYSTEM32\UMPDC.dll
0x00007ff985f00000 - 0x00007ff985f1b000 	C:\WINDOWS\SYSTEM32\kernel.appcore.dll
0x00007ff977570000 - 0x00007ff97757a000 	D:\DevEco Studio\jbr\bin\jimage.dll
0x00007ff984710000 - 0x00007ff984952000 	C:\WINDOWS\SYSTEM32\DBGHELP.DLL
0x00007ff989750000 - 0x00007ff989acb000 	C:\WINDOWS\System32\combase.dll
0x00007ff988960000 - 0x00007ff988a37000 	C:\WINDOWS\System32\OLEAUT32.dll
0x00007ff969310000 - 0x00007ff96934c000 	C:\WINDOWS\SYSTEM32\dbgcore.DLL
0x00007ff987970000 - 0x00007ff987a08000 	C:\WINDOWS\System32\bcryptPrimitives.dll
0x00007ff972ab0000 - 0x00007ff972ad0000 	D:\DevEco Studio\jbr\bin\java.dll

dbghelp: loaded successfully - version: 4.0.5 - missing functions: none
symbol engine: initialized successfully - sym options: 0x614 - pdb path: .;D:\DevEco Studio\jbr\bin;C:\WINDOWS\SYSTEM32;C:\WINDOWS\WinSxS\amd64_microsoft.windows.common-controls_6595b64144ccf1df_6.0.26100.6899_none_3e0efeeae32e88c1;D:\DevEco Studio\jbr\bin\server

VM Arguments:
jvm_args: -Xmx512m 
java_command: D:\DevEco Studio\tools\hvigor\hvigor\lib\hvigor-java-daemon.jar 45050 00000050b858f2711bcc6efe9cbfb54ce87e13e65e504a6fe6c1b233f2cf47537e41ac7bae8a5a1084b9ff0c905785c02054b25a1f8b666e6a55ad248eac076c3ba766d2b92f7151065ce797036cea92a7fd217f83d2aa0d050bf178bb44b4f8
java_class_path (initial): D:\DevEco Studio\tools\hvigor\hvigor\lib\hvigor-java-daemon.jar
Launcher Type: SUN_STANDARD

[Global flags]
     intx CICompilerCount                          = 4                                         {product} {ergonomic}
     uint ConcGCThreads                            = 2                                         {product} {ergonomic}
     uint G1ConcRefinementThreads                  = 8                                         {product} {ergonomic}
   size_t G1HeapRegionSize                         = 1048576                                   {product} {ergonomic}
    uintx GCDrainStackTargetSize                   = 64                                        {product} {ergonomic}
   size_t InitialHeapSize                          = 266338304                                 {product} {ergonomic}
   size_t MarkStackSize                            = 4194304                                   {product} {ergonomic}
   size_t MaxHeapSize                              = 536870912                                 {product} {command line}
   size_t MinHeapDeltaBytes                        = 1048576                                   {product} {ergonomic}
   size_t MinHeapSize                              = 8388608                                   {product} {ergonomic}
    uintx NonNMethodCodeHeapSize                   = 5839372                                {pd product} {ergonomic}
    uintx NonProfiledCodeHeapSize                  = 122909434                              {pd product} {ergonomic}
    uintx ProfiledCodeHeapSize                     = 122909434                              {pd product} {ergonomic}
    uintx ReservedCodeCacheSize                    = 251658240                              {pd product} {ergonomic}
     bool SegmentedCodeCache                       = true                                      {product} {ergonomic}
   size_t SoftMaxHeapSize                          = 536870912                              {manageable} {ergonomic}
     bool UseCompressedOops                        = true                           {product lp64_product} {ergonomic}
     bool UseG1GC                                  = true                                      {product} {ergonomic}
     bool UseLargePagesIndividualAllocation        = false                                  {pd product} {ergonomic}

Logging:
Log output configuration:
 #0: stdout all=warning uptime,level,tags foldmultilines=false
 #1: stderr all=off uptime,level,tags foldmultilines=false

Environment Variables:
JAVA_HOME=D:\DevEco Studio\jbr
PATH=D:\DevEco Studio\tools\node;D:\DevEco Studio\jbr\bin;C:\Program Files\Common Files\Oracle\Java\javapath;D:\虚拟机\bin\;C:;Program Files (x86)\Common Files\Oracle\Java\javapath;C:\Program Files (x86)\NVIDIA Corporation\PhysX\Common;D:\Java\JDK;C:\WINDOWS\system32;C:\WINDOWS;C:\WINDOWS\System32\Wbem;C:\WINDOWS\System32\WindowsPowerShell\v1.0\;C:\WINDOWS\System32\OpenSSH\;D:\tomcat10\lib;D:\tomcat10\bin;D:\Rational\common;C:\Program Files\Java\jdk-17\bin;D:\maven\apache-maven-3.9.9\bin;D:\Git\cmd;D:\nvm;D:\nodejs;D:\redis5;D:\tools;C:\Program Files\Mozilla Firefox;D:\tools\微信web开发者工具\dll;D:\微信web开发者工具\dll;C:\Program Files\dotnet\;C:\Program Files\MySQL\MySQL Server 8.0\bin;D:\微信开发者工具\微信web开发者工具\dll;D:\cursor\resources\app\bin;d:\tools\Trae\bin;D:\Python\Scripts\;D:\Python\;C:\Users\86139\AppData\Local\pnpm;C:\Users\86139\AppData\Local\Microsoft\WindowsApps;D:\Java\JDK;D:\tomcat10\lib;D:\tomcat10\bin;C:\Users\86139\AppData\Roaming\npm;D:\maven\apache-maven-3.9.9\bin;D:\nvm;D:\nodejs;D:\Microsoft VS Code\bin;D:\redis5;D:\IntelliJ IDEA 2024.3.5\bin;;D:\PyCharm 2024.3.4\bin;;C:\Users\86139\AppData\Local\Microsoft\WindowsApps;C:\Program Files\MySQL\MySQL Server 8.0\bin;D:\cursor\resources\app\bin;D:\DevEco Studio\bin;;%OPHM_HOME%\bin;D:\HuaWeiTools\command-line-tools\ohpm\bin;
USERNAME=86139
OS=Windows_NT
PROCESSOR_IDENTIFIER=Intel64 Family 6 Model 140 Stepping 2, GenuineIntel
TMP=C:\Users\86139\AppData\Local\Temp
TEMP=C:\Users\86139\AppData\Local\Temp




Periodic native trim disabled

JNI global refs:
JNI global refs: 0, weak refs: 0

JNI global refs memory usage: 0, weak refs: 0

Process memory usage:
Resident Set Size: 12944K (0% of 16555320K total physical memory with 2177988K free physical memory)

OOME stack traces (most recent first):
Classloader memory used:

---------------  S Y S T E M  ---------------

OS:
 Windows 11 , 64 bit Build 26100 (10.0.26100.6725)
OS uptime: 0 days 22:32 hours
Hyper-V role detected

CPU: total 8 (initial active 8) (4 cores per cpu, 2 threads per core) family 6 model 140 stepping 2 microcode 0x22, cx8, cmov, fxsr, ht, mmx, 3dnowpref, sse, sse2, sse3, ssse3, sse4.1, sse4.2, popcnt, lzcnt, tsc, tscinvbit, avx, avx2, aes, erms, clmul, bmi1, bmi2, adx, avx512f, avx512dq, avx512cd, avx512bw, avx512vl, sha, fma, vzeroupper, avx512_vpopcntdq, avx512_vpclmulqdq, avx512_vaes, avx512_vnni, clflush, clflushopt, clwb, avx512_vbmi2, avx512_vbmi, hv, rdtscp, rdpid, fsrm, gfni, avx512_bitalg, f16c, cet_ibt, cet_ss, avx512_ifma
Processor Information for processor 0
  Max Mhz: 2496, Current Mhz: 2496, Mhz Limit: 2496
Processor Information for processor 1
  Max Mhz: 2496, Current Mhz: 2496, Mhz Limit: 2496
Processor Information for processor 2
  Max Mhz: 2496, Current Mhz: 998, Mhz Limit: 2496
Processor Information for processor 3
  Max Mhz: 2496, Current Mhz: 998, Mhz Limit: 2496
Processor Information for processor 4
  Max Mhz: 2496, Current Mhz: 2496, Mhz Limit: 2496
Processor Information for processor 5
  Max Mhz: 2496, Current Mhz: 2496, Mhz Limit: 2496
Processor Information for processor 6
  Max Mhz: 2496, Current Mhz: 998, Mhz Limit: 2496
Processor Information for processor 7
  Max Mhz: 2496, Current Mhz: 2496, Mhz Limit: 2496

Memory: 4k page, system-wide physical 16167M (2126M free)
TotalPageFile size 19083M (AvailPageFile size 167M)
current process WorkingSet (physical memory assigned to process): 12M, peak: 12M
current process commit charge ("private bytes"): 60M, peak: 314M

vm_info: OpenJDK 64-Bit Server VM (21.0.6+8-b631.39) for windows-amd64 JRE (21.0.6+8-b631.39), built on 2025-02-04 by "builduser" with MS VC++ 16.10 / 16.11 (VS2019)

END.
